2023-05-31 22:06:11,057 Element Clicked successfully   Located by By.chained({AppiumBy.accessibilityId: Preference}) 
2023-05-31 22:06:12,897 Element Clicked successfully   Located by By.chained({By.xpath: //android.widget.TextView[@content-desc='3. Preference dependencies']}) 
2023-05-31 22:26:59,014 Element Clicked successfully   Located by By.chained({AppiumBy.accessibilityId: Views}) 
2023-05-31 22:36:18,355 Element Clicked successfully   Located by By.chained({AppiumBy.accessibilityId: Views}) 
2023-06-01 09:30:12,711 Element Clicked successfully   Located by By.chained({AppiumBy.accessibilityId: Views}) 
2023-06-01 09:30:14,153 Element Clicked successfully   Located by By.chained({AppiumBy.accessibilityId: Gallery}) 
2023-06-01 09:30:15,687 Element Clicked successfully   Located by By.chained({AppiumBy.accessibilityId: 1. Photos}) 
2023-06-01 09:31:26,368 Element Clicked successfully   Located by By.chained({AppiumBy.accessibilityId: Views}) 
2023-06-01 09:31:27,888 Element Clicked successfully   Located by By.chained({AppiumBy.accessibilityId: Gallery}) 
2023-06-01 09:31:29,403 Element Clicked successfully   Located by By.chained({AppiumBy.accessibilityId: 1. Photos}) 
2023-06-01 09:33:02,109 Element Clicked successfully   Located by By.chained({AppiumBy.accessibilityId: Views}) 
2023-06-01 09:33:03,577 Element Clicked successfully   Located by By.chained({AppiumBy.accessibilityId: Gallery}) 
2023-06-01 09:33:05,223 Element Clicked successfully   Located by By.chained({AppiumBy.accessibilityId: 1. Photos}) 
2023-06-01 09:35:28,475 Element Clicked successfully   Located by By.chained({AppiumBy.accessibilityId: Views}) 
2023-06-01 09:35:29,955 Element Clicked successfully   Located by By.chained({AppiumBy.accessibilityId: Gallery}) 
2023-06-01 09:35:31,466 Element Clicked successfully   Located by By.chained({AppiumBy.accessibilityId: 1. Photos}) 
2023-06-01 09:36:05,705 Element Clicked successfully   Located by By.chained({AppiumBy.accessibilityId: Views}) 
2023-06-01 09:36:07,168 Element Clicked successfully   Located by By.chained({AppiumBy.accessibilityId: Gallery}) 
2023-06-01 09:36:08,701 Element Clicked successfully   Located by By.chained({AppiumBy.accessibilityId: 1. Photos}) 
2023-06-01 09:38:18,456 Element Clicked successfully   Located by By.chained({AppiumBy.accessibilityId: Views}) 
2023-06-01 09:38:19,900 Element Clicked successfully   Located by By.chained({AppiumBy.accessibilityId: Gallery}) 
2023-06-01 09:38:21,405 Element Clicked successfully   Located by By.chained({AppiumBy.accessibilityId: 1. Photos}) 
2023-06-01 10:09:32,173 Element Clicked successfully   Located by By.chained({AppiumBy.accessibilityId: Views}) 
2023-06-01 10:09:33,610 Element Clicked successfully   Located by By.chained({AppiumBy.accessibilityId: Drag and Drop}) 
2023-06-01 10:28:46,949 Element Clicked successfully   Located by By.chained({AppiumBy.accessibilityId: Preference}) 
2023-06-01 10:28:49,016 Element Clicked successfully   Located by By.chained({By.xpath: //android.widget.TextView[@content-desc='3. Preference dependencies']}) 
2023-06-01 10:29:51,933 Element Clicked successfully   Located by By.chained({AppiumBy.accessibilityId: Preference}) 
2023-06-01 10:29:53,852 Element Clicked successfully   Located by By.chained({By.xpath: //android.widget.TextView[@content-desc='3. Preference dependencies']}) 
2023-06-01 10:30:29,131 Element Clicked successfully   Located by By.chained({AppiumBy.accessibilityId: Preference}) 
2023-06-01 10:30:30,915 Element Clicked successfully   Located by By.chained({By.xpath: //android.widget.TextView[@content-desc='3. Preference dependencies']}) 
2023-06-01 10:36:17,765 Element Clicked successfully   Located by By.chained({AppiumBy.accessibilityId: Preference}) 
2023-06-01 10:36:19,414 Element Clicked successfully   Located by By.chained({By.xpath: //android.widget.TextView[@content-desc='3. Preference dependencies']}) 
2023-06-01 10:37:10,570 Element Clicked successfully   Located by By.chained({AppiumBy.accessibilityId: Preference}) 
2023-06-01 10:37:12,330 Element Clicked successfully   Located by By.chained({By.xpath: //android.widget.TextView[@content-desc='3. Preference dependencies']}) 
2023-06-01 10:38:13,487 Element Clicked successfully   Located by By.chained({AppiumBy.accessibilityId: Preference}) 
2023-06-01 10:38:15,172 Element Clicked successfully   Located by By.chained({By.xpath: //android.widget.TextView[@content-desc='3. Preference dependencies']}) 
2023-06-01 10:38:39,872 Element Clicked successfully   Located by By.chained({AppiumBy.accessibilityId: Preference}) 
2023-06-01 10:38:41,609 Element Clicked successfully   Located by By.chained({By.xpath: //android.widget.TextView[@content-desc='3. Preference dependencies']}) 
2023-06-01 10:45:27,366 Element Clicked successfully   Located by By.chained({AppiumBy.accessibilityId: Preference}) 
2023-06-01 10:45:29,028 Element Clicked successfully   Located by By.chained({By.xpath: //android.widget.TextView[@content-desc='3. Preference dependencies']}) 
2023-06-01 10:46:06,896 Element Clicked successfully   Located by By.chained({AppiumBy.accessibilityId: Preference}) 
2023-06-01 10:46:08,659 Element Clicked successfully   Located by By.chained({By.xpath: //android.widget.TextView[@content-desc='3. Preference dependencies']}) 
2023-06-01 10:48:32,001 Element Clicked successfully   Located by By.chained({AppiumBy.accessibilityId: Preference}) 
2023-06-01 10:48:34,049 Element Clicked successfully   Located by By.chained({By.xpath: //android.widget.TextView[@content-desc='3. Preference dependencies']}) 
2023-06-01 10:50:50,620 Element Clicked successfully   Located by By.chained({AppiumBy.accessibilityId: Preference}) 
2023-06-01 10:50:52,419 Element Clicked successfully   Located by By.chained({By.xpath: //android.widget.TextView[@content-desc='3. Preference dependencies']}) 
2023-06-01 10:51:33,284 Element Clicked successfully   Located by By.chained({AppiumBy.accessibilityId: Preference}) 
2023-06-01 10:51:35,035 Element Clicked successfully   Located by By.chained({By.xpath: //android.widget.TextView[@content-desc='3. Preference dependencies']}) 
2023-06-01 11:19:14,595 Element Clicked successfully   Located by By.chained({AppiumBy.accessibilityId: Preference}) 
2023-06-01 11:19:16,376 Element Clicked successfully   Located by By.chained({By.xpath: //android.widget.TextView[@content-desc='3. Preference dependencies']}) 
2023-06-01 15:48:52,091 Sent Value =    Mandy Singh     Locator =Located by By.chained({AppiumBy.id: com.androidsample.generalstore:id/nameField}) 
2023-06-01 15:48:52,703 Element Clicked successfully   Located by By.chained({AppiumBy.id: android:id/text1}) 
2023-06-01 15:50:49,558 Sent Value =    Mandy Singh     Locator =Located by By.chained({AppiumBy.id: com.androidsample.generalstore:id/nameField}) 
2023-06-01 15:50:50,149 Element Clicked successfully   Located by By.chained({AppiumBy.id: android:id/text1}) 
2023-06-01 15:51:05,206 Element Clicked successfully   Located by By.chained({By.xpath: //*[@text='Canada']}) 
2023-06-01 15:51:05,331 Element Clicked successfully   Located by By.chained({AppiumBy.id: com.androidsample.generalstore:id/btnLetsShop}) 
2023-06-01 16:03:41,103 Element Clicked successfully   Located by By.chained({AppiumBy.id: android:id/text1}) 
2023-06-01 16:03:55,525 Element Clicked successfully   Located by By.chained({By.xpath: //*[@text='Canada']}) 
2023-06-01 16:03:55,650 Element Clicked successfully   Located by By.chained({AppiumBy.id: com.androidsample.generalstore:id/btnLetsShop}) 
2023-06-01 16:03:58,387 Sent Value =    Mandy Singh     Locator =Located by By.chained({AppiumBy.id: com.androidsample.generalstore:id/nameField}) 
2023-06-01 16:05:04,187 Element Clicked successfully   Located by By.chained({AppiumBy.id: android:id/text1}) 
2023-06-01 16:05:20,981 Element Clicked successfully   Located by By.chained({By.xpath: //*[@text='Canada']}) 
2023-06-01 16:05:21,118 Element Clicked successfully   Located by By.chained({AppiumBy.id: com.androidsample.generalstore:id/btnLetsShop}) 
2023-06-01 16:05:23,949 Sent Value =    Mandy Singh     Locator =Located by By.chained({AppiumBy.id: com.androidsample.generalstore:id/nameField}) 
2023-06-01 16:05:24,573 Element Clicked successfully   Located by By.chained({AppiumBy.id: com.androidsample.generalstore:id/btnLetsShop}) 
2023-06-01 16:06:07,767 Element Clicked successfully   Located by By.chained({AppiumBy.id: android:id/text1}) 
2023-06-01 16:06:21,070 Element Clicked successfully   Located by By.chained({By.xpath: //*[@text='Canada']}) 
2023-06-01 16:06:21,223 Element Clicked successfully   Located by By.chained({AppiumBy.id: com.androidsample.generalstore:id/btnLetsShop}) 
2023-06-01 16:09:32,093 Element Clicked successfully   Located by By.chained({AppiumBy.id: android:id/text1}) 
2023-06-01 16:10:15,789 Element Clicked successfully   Located by By.chained({AppiumBy.id: android:id/text1}) 
2023-06-01 16:10:33,660 Element Clicked successfully   Located by By.chained({By.xpath: //*[@text='Canada']}) 
2023-06-01 16:10:33,809 Element Clicked successfully   Located by By.chained({AppiumBy.id: com.androidsample.generalstore:id/btnLetsShop}) 
2023-06-01 16:11:41,284 Element Clicked successfully   Located by By.chained({AppiumBy.id: android:id/text1}) 
2023-06-01 16:11:58,859 Element Clicked successfully   Located by By.chained({By.xpath: //*[@text='Canada']}) 
2023-06-01 16:11:59,080 Element Clicked successfully   Located by By.chained({AppiumBy.id: com.androidsample.generalstore:id/btnLetsShop}) 
2023-06-01 16:13:25,468 Element Clicked successfully   Located by By.chained({AppiumBy.id: android:id/text1}) 
2023-06-01 16:13:38,426 Element Clicked successfully   Located by By.chained({By.xpath: //*[@text='Canada']}) 
2023-06-01 16:13:38,576 Element Clicked successfully   Located by By.chained({AppiumBy.id: com.androidsample.generalstore:id/btnLetsShop}) 
2023-06-01 16:14:50,952 Element Clicked successfully   Located by By.chained({AppiumBy.id: android:id/text1}) 
2023-06-01 16:15:03,205 Element Clicked successfully   Located by By.chained({By.xpath: //*[@text='Canada']}) 
2023-06-01 16:15:03,386 Element Clicked successfully   Located by By.chained({AppiumBy.id: com.androidsample.generalstore:id/btnLetsShop}) 
2023-06-01 16:33:15,560 Element Clicked successfully   Located by By.chained({AppiumBy.id: android:id/text1}) 
2023-06-01 16:33:32,208 Element Clicked successfully   Located by By.chained({By.xpath: //*[@text='Canada']}) 
2023-06-01 16:33:32,375 Element Clicked successfully   Located by By.chained({AppiumBy.id: com.androidsample.generalstore:id/btnLetsShop}) 
2023-06-01 16:33:35,205 Sent Value =    Mandy Singh     Locator =Located by By.chained({AppiumBy.id: com.androidsample.generalstore:id/nameField}) 
2023-06-01 16:33:35,816 Element Clicked successfully   Located by By.chained({AppiumBy.id: com.androidsample.generalstore:id/btnLetsShop}) 
2023-06-01 16:41:15,278 Element Clicked successfully   Located by By.chained({AppiumBy.id: android:id/text1}) 
2023-06-01 16:41:27,558 Element Clicked successfully   Located by By.chained({By.xpath: //*[@text='Canada']}) 
2023-06-01 16:41:27,698 Element Clicked successfully   Located by By.chained({AppiumBy.id: com.androidsample.generalstore:id/btnLetsShop}) 
2023-06-01 16:41:30,020 Sent Value =    Mandy Singh     Locator =Located by By.chained({AppiumBy.id: com.androidsample.generalstore:id/nameField}) 
2023-06-01 16:41:30,627 Element Clicked successfully   Located by By.chained({AppiumBy.id: com.androidsample.generalstore:id/btnLetsShop}) 
2023-06-01 16:45:29,006 Element Clicked successfully   Located by By.chained({AppiumBy.id: android:id/text1}) 
2023-06-01 16:45:47,034 Element Clicked successfully   Located by By.chained({By.xpath: //*[@text='Canada']}) 
2023-06-01 16:45:47,185 Element Clicked successfully   Located by By.chained({AppiumBy.id: com.androidsample.generalstore:id/btnLetsShop}) 
2023-06-01 16:45:50,025 Sent Value =    Mandy Singh     Locator =Located by By.chained({AppiumBy.id: com.androidsample.generalstore:id/nameField}) 
2023-06-01 16:45:50,614 Element Clicked successfully   Located by By.chained({AppiumBy.id: com.androidsample.generalstore:id/btnLetsShop}) 
2023-06-01 16:48:04,547 Element Clicked successfully   Located by By.chained({AppiumBy.id: android:id/text1}) 
2023-06-01 16:48:16,789 Element Clicked successfully   Located by By.chained({By.xpath: //*[@text='Canada']}) 
2023-06-01 16:48:16,938 Element Clicked successfully   Located by By.chained({AppiumBy.id: com.androidsample.generalstore:id/btnLetsShop}) 
2023-06-01 16:48:19,751 Sent Value =    Mandy Singh     Locator =Located by By.chained({AppiumBy.id: com.androidsample.generalstore:id/nameField}) 
2023-06-01 16:48:20,349 Element Clicked successfully   Located by By.chained({AppiumBy.id: com.androidsample.generalstore:id/btnLetsShop}) 
2023-06-01 16:48:30,226 Element Clicked successfully   Located by By.chained({AppiumBy.id: com.androidsample.generalstore:id/appbar_btn_cart}) 
2023-06-01 16:50:36,333 Element Clicked successfully   Located by By.chained({AppiumBy.id: android:id/text1}) 
2023-06-01 16:50:49,777 Element Clicked successfully   Located by By.chained({By.xpath: //*[@text='Canada']}) 
2023-06-01 16:50:49,935 Element Clicked successfully   Located by By.chained({AppiumBy.id: com.androidsample.generalstore:id/btnLetsShop}) 
2023-06-01 16:50:52,301 Sent Value =    Mandy Singh     Locator =Located by By.chained({AppiumBy.id: com.androidsample.generalstore:id/nameField}) 
2023-06-01 16:50:52,902 Element Clicked successfully   Located by By.chained({AppiumBy.id: com.androidsample.generalstore:id/btnLetsShop}) 
2023-06-01 16:51:02,948 Element Clicked successfully   Located by By.chained({AppiumBy.id: com.androidsample.generalstore:id/appbar_btn_cart}) 
2023-06-01 16:53:11,094 Element Clicked successfully   Located by By.chained({AppiumBy.id: android:id/text1}) 
2023-06-01 16:53:29,453 Element Clicked successfully   Located by By.chained({By.xpath: //*[@text='Canada']}) 
2023-06-01 16:53:29,631 Element Clicked successfully   Located by By.chained({AppiumBy.id: com.androidsample.generalstore:id/btnLetsShop}) 
2023-06-01 16:53:32,479 Sent Value =    Mandy Singh     Locator =Located by By.chained({AppiumBy.id: com.androidsample.generalstore:id/nameField}) 
2023-06-01 16:53:33,118 Element Clicked successfully   Located by By.chained({AppiumBy.id: com.androidsample.generalstore:id/btnLetsShop}) 
2023-06-01 16:53:43,957 Element Clicked successfully   Located by By.chained({AppiumBy.id: com.androidsample.generalstore:id/appbar_btn_cart}) 
2023-06-01 17:16:42,430 Element Clicked successfully   Located by By.chained({AppiumBy.id: android:id/text1}) 
2023-06-01 17:16:54,680 Element Clicked successfully   Located by By.chained({By.xpath: //*[@text='Canada']}) 
2023-06-01 17:16:54,761 Element Clicked successfully   Located by By.chained({AppiumBy.id: com.androidsample.generalstore:id/btnLetsShop}) 
2023-06-01 17:16:57,101 Sent Value =    Mandy Singh     Locator =Located by By.chained({AppiumBy.id: com.androidsample.generalstore:id/nameField}) 
2023-06-01 17:16:57,656 Element Clicked successfully   Located by By.chained({AppiumBy.id: com.androidsample.generalstore:id/btnLetsShop}) 
2023-06-01 17:17:07,291 Element Clicked successfully   Located by By.chained({AppiumBy.id: com.androidsample.generalstore:id/appbar_btn_cart}) 
2023-06-01 17:17:09,262 Element Clicked successfully   Located by By.chained({By.xpath: //android.widget.CheckBox}) 
2023-06-01 17:17:09,458 Element Clicked successfully   Located by By.chained({AppiumBy.id: com.androidsample.generalstore:id/btnProceed}) 
2023-06-01 17:25:37,491 Element Clicked successfully   Located by By.chained({AppiumBy.id: android:id/text1}) 
2023-06-01 17:25:49,673 Element Clicked successfully   Located by By.chained({By.xpath: //*[@text='Canada']}) 
2023-06-01 17:25:49,778 Element Clicked successfully   Located by By.chained({AppiumBy.id: com.androidsample.generalstore:id/btnLetsShop}) 
2023-06-01 17:25:52,545 Sent Value =    Mandy Singh     Locator =Located by By.chained({AppiumBy.id: com.androidsample.generalstore:id/nameField}) 
2023-06-01 17:25:53,091 Element Clicked successfully   Located by By.chained({AppiumBy.id: com.androidsample.generalstore:id/btnLetsShop}) 
2023-06-01 17:26:22,647 Element Clicked successfully   Located by By.chained({AppiumBy.id: android:id/text1}) 
2023-06-01 17:26:35,740 Element Clicked successfully   Located by By.chained({By.xpath: //*[@text='Canada']}) 
2023-06-01 17:26:35,861 Element Clicked successfully   Located by By.chained({AppiumBy.id: com.androidsample.generalstore:id/btnLetsShop}) 
2023-06-01 17:26:38,193 Sent Value =    Mandy Singh     Locator =Located by By.chained({AppiumBy.id: com.androidsample.generalstore:id/nameField}) 
2023-06-01 17:26:38,762 Element Clicked successfully   Located by By.chained({AppiumBy.id: com.androidsample.generalstore:id/btnLetsShop}) 
2023-06-01 17:26:49,230 Element Clicked successfully   Located by By.chained({AppiumBy.id: com.androidsample.generalstore:id/appbar_btn_cart}) 
2023-06-01 17:26:50,538 Element Clicked successfully   Located by By.chained({By.xpath: //android.widget.CheckBox}) 
2023-06-01 17:26:51,252 Element Clicked successfully   Located by By.chained({AppiumBy.id: com.androidsample.generalstore:id/btnProceed}) 
2023-06-01 17:31:39,890 Element Clicked successfully   Located by By.chained({AppiumBy.id: android:id/text1}) 
2023-06-01 17:31:52,085 Element Clicked successfully   Located by By.chained({By.xpath: //*[@text='Canada']}) 
2023-06-01 17:31:52,205 Element Clicked successfully   Located by By.chained({AppiumBy.id: com.androidsample.generalstore:id/btnLetsShop}) 
2023-06-01 17:31:54,665 Sent Value =    Mandy Singh     Locator =Located by By.chained({AppiumBy.id: com.androidsample.generalstore:id/nameField}) 
2023-06-01 17:31:55,214 Element Clicked successfully   Located by By.chained({AppiumBy.id: com.androidsample.generalstore:id/btnLetsShop}) 
2023-06-01 17:32:05,457 Element Clicked successfully   Located by By.chained({AppiumBy.id: com.androidsample.generalstore:id/appbar_btn_cart}) 
2023-06-01 17:32:06,943 Element Clicked successfully   Located by By.chained({By.xpath: //android.widget.CheckBox}) 
2023-06-01 17:32:07,757 Element Clicked successfully   Located by By.chained({AppiumBy.id: com.androidsample.generalstore:id/btnProceed}) 
2023-06-01 17:36:19,269 Element Clicked successfully   Located by By.chained({AppiumBy.id: android:id/text1}) 
2023-06-01 17:36:31,977 Element Clicked successfully   Located by By.chained({By.xpath: //*[@text='Canada']}) 
2023-06-01 17:36:32,099 Element Clicked successfully   Located by By.chained({AppiumBy.id: com.androidsample.generalstore:id/btnLetsShop}) 
2023-06-01 17:36:34,904 Sent Value =    Mandy Singh     Locator =Located by By.chained({AppiumBy.id: com.androidsample.generalstore:id/nameField}) 
2023-06-01 17:36:35,493 Element Clicked successfully   Located by By.chained({AppiumBy.id: com.androidsample.generalstore:id/btnLetsShop}) 
2023-06-01 17:36:44,993 Element Clicked successfully   Located by By.chained({AppiumBy.id: com.androidsample.generalstore:id/appbar_btn_cart}) 
2023-06-01 17:36:46,393 Element Clicked successfully   Located by By.chained({By.xpath: //android.widget.CheckBox}) 
2023-06-01 17:44:51,282 Element Clicked successfully   Located by By.chained({AppiumBy.id: android:id/text1}) 
2023-06-01 17:45:03,415 Element Clicked successfully   Located by By.chained({By.xpath: //*[@text='Canada']}) 
2023-06-01 17:45:04,136 Element Clicked successfully   Located by By.chained({AppiumBy.id: com.androidsample.generalstore:id/btnLetsShop}) 
2023-06-01 17:45:06,321 Sent Value =    Mandy Singh     Locator =Located by By.chained({AppiumBy.id: com.androidsample.generalstore:id/nameField}) 
2023-06-01 17:45:06,889 Element Clicked successfully   Located by By.chained({AppiumBy.id: com.androidsample.generalstore:id/btnLetsShop}) 
2023-06-01 17:45:16,345 Element Clicked successfully   Located by By.chained({AppiumBy.id: com.androidsample.generalstore:id/appbar_btn_cart}) 
2023-06-01 17:45:17,655 Element Clicked successfully   Located by By.chained({By.xpath: //android.widget.CheckBox}) 
2023-06-01 17:45:18,320 Element Clicked successfully   Located by By.chained({AppiumBy.id: com.androidsample.generalstore:id/btnProceed}) 
2023-06-01 17:49:53,895 Element Clicked successfully   Located by By.chained({AppiumBy.id: android:id/text1}) 
2023-06-01 17:50:09,817 Element Clicked successfully   Located by By.chained({By.xpath: //*[@text='Canada']}) 
2023-06-01 17:50:10,515 Element Clicked successfully   Located by By.chained({AppiumBy.id: com.androidsample.generalstore:id/btnLetsShop}) 
2023-06-01 17:50:13,312 Sent Value =    Mandy Singh     Locator =Located by By.chained({AppiumBy.id: com.androidsample.generalstore:id/nameField}) 
2023-06-01 17:50:13,891 Element Clicked successfully   Located by By.chained({AppiumBy.id: com.androidsample.generalstore:id/btnLetsShop}) 
2023-06-01 17:50:23,524 Element Clicked successfully   Located by By.chained({AppiumBy.id: com.androidsample.generalstore:id/appbar_btn_cart}) 
2023-06-01 17:50:24,911 Element Clicked successfully   Located by By.chained({By.xpath: //android.widget.CheckBox}) 
2023-06-01 17:50:25,641 Element Clicked successfully   Located by By.chained({AppiumBy.id: com.androidsample.generalstore:id/btnProceed}) 
2023-06-01 17:52:15,384 Element Clicked successfully   Located by By.chained({AppiumBy.id: android:id/text1}) 
2023-06-01 17:52:27,725 Element Clicked successfully   Located by By.chained({By.xpath: //*[@text='Canada']}) 
2023-06-01 17:52:27,839 Element Clicked successfully   Located by By.chained({AppiumBy.id: com.androidsample.generalstore:id/btnLetsShop}) 
2023-06-01 17:52:30,633 Sent Value =    Mandy Singh     Locator =Located by By.chained({AppiumBy.id: com.androidsample.generalstore:id/nameField}) 
2023-06-01 17:52:31,181 Element Clicked successfully   Located by By.chained({AppiumBy.id: com.androidsample.generalstore:id/btnLetsShop}) 
2023-06-01 17:52:40,411 Element Clicked successfully   Located by By.chained({AppiumBy.id: com.androidsample.generalstore:id/appbar_btn_cart}) 
2023-06-01 17:52:41,755 Element Clicked successfully   Located by By.chained({By.xpath: //android.widget.CheckBox}) 
2023-06-01 17:52:42,474 Element Clicked successfully   Located by By.chained({AppiumBy.id: com.androidsample.generalstore:id/btnProceed}) 
2023-06-01 17:54:34,450 Element Clicked successfully   Located by By.chained({AppiumBy.id: android:id/text1}) 
2023-06-01 17:54:48,495 Element Clicked successfully   Located by By.chained({By.xpath: //*[@text='Canada']}) 
2023-06-01 17:54:48,581 Element Clicked successfully   Located by By.chained({AppiumBy.id: com.androidsample.generalstore:id/btnLetsShop}) 
2023-06-01 17:54:50,858 Sent Value =    Mandy Singh     Locator =Located by By.chained({AppiumBy.id: com.androidsample.generalstore:id/nameField}) 
2023-06-01 17:54:51,417 Element Clicked successfully   Located by By.chained({AppiumBy.id: com.androidsample.generalstore:id/btnLetsShop}) 
2023-06-01 17:55:03,100 Element Clicked successfully   Located by By.chained({AppiumBy.id: com.androidsample.generalstore:id/appbar_btn_cart}) 
2023-06-01 17:55:04,118 Element Clicked successfully   Located by By.chained({By.xpath: //android.widget.CheckBox}) 
2023-06-01 17:55:04,308 Element Clicked successfully   Located by By.chained({AppiumBy.id: com.androidsample.generalstore:id/btnProceed}) 
2023-06-01 18:00:24,557 Element Clicked successfully   Located by By.chained({AppiumBy.id: android:id/text1}) 
2023-06-01 18:00:37,225 Element Clicked successfully   Located by By.chained({By.xpath: //*[@text='Canada']}) 
2023-06-01 18:00:37,347 Element Clicked successfully   Located by By.chained({AppiumBy.id: com.androidsample.generalstore:id/btnLetsShop}) 
2023-06-01 18:00:40,189 Sent Value =    Mandy Singh     Locator =Located by By.chained({AppiumBy.id: com.androidsample.generalstore:id/nameField}) 
2023-06-01 18:00:40,761 Element Clicked successfully   Located by By.chained({AppiumBy.id: com.androidsample.generalstore:id/btnLetsShop}) 
2023-06-01 18:00:50,510 Element Clicked successfully   Located by By.chained({AppiumBy.id: com.androidsample.generalstore:id/appbar_btn_cart}) 
2023-06-01 18:00:51,852 Element Clicked successfully   Located by By.chained({By.xpath: //android.widget.CheckBox}) 
2023-06-01 18:00:52,550 Element Clicked successfully   Located by By.chained({AppiumBy.id: com.androidsample.generalstore:id/btnProceed}) 
2023-06-01 18:06:10,617 Element Clicked successfully   Located by By.chained({AppiumBy.id: android:id/text1}) 
2023-06-01 18:06:22,577 Element Clicked successfully   Located by By.chained({By.xpath: //*[@text='Canada']}) 
2023-06-01 18:06:22,674 Element Clicked successfully   Located by By.chained({AppiumBy.id: com.androidsample.generalstore:id/btnLetsShop}) 
2023-06-01 18:06:25,025 Sent Value =    Mandy Singh     Locator =Located by By.chained({AppiumBy.id: com.androidsample.generalstore:id/nameField}) 
2023-06-01 18:06:25,572 Element Clicked successfully   Located by By.chained({AppiumBy.id: com.androidsample.generalstore:id/btnLetsShop}) 
2023-06-01 18:06:36,016 Element Clicked successfully   Located by By.chained({AppiumBy.id: com.androidsample.generalstore:id/appbar_btn_cart}) 
2023-06-01 18:06:37,381 Element Clicked successfully   Located by By.chained({By.xpath: //android.widget.CheckBox}) 
2023-06-01 18:06:38,062 Element Clicked successfully   Located by By.chained({AppiumBy.id: com.androidsample.generalstore:id/btnProceed}) 
2023-06-01 18:14:58,909 Element Clicked successfully   Located by By.chained({AppiumBy.id: android:id/text1}) 
2023-06-01 18:15:12,153 Element Clicked successfully   Located by By.chained({By.xpath: //*[@text='Canada']}) 
2023-06-01 18:15:12,282 Element Clicked successfully   Located by By.chained({AppiumBy.id: com.androidsample.generalstore:id/btnLetsShop}) 
2023-06-01 18:15:15,195 Sent Value =    Mandy Singh     Locator =Located by By.chained({AppiumBy.id: com.androidsample.generalstore:id/nameField}) 
2023-06-01 18:15:15,788 Element Clicked successfully   Located by By.chained({AppiumBy.id: com.androidsample.generalstore:id/btnLetsShop}) 
2023-06-01 18:15:25,899 Element Clicked successfully   Located by By.chained({AppiumBy.id: com.androidsample.generalstore:id/appbar_btn_cart}) 
2023-06-01 18:15:27,309 Element Clicked successfully   Located by By.chained({By.xpath: //android.widget.CheckBox}) 
2023-06-01 18:15:28,026 Element Clicked successfully   Located by By.chained({AppiumBy.id: com.androidsample.generalstore:id/btnProceed}) 
2023-06-01 18:56:56,502 Element Clicked successfully   Located by By.chained({AppiumBy.id: android:id/text1}) 
2023-06-01 18:57:11,620 Element Clicked successfully   Located by By.chained({By.xpath: //*[@text='Canada']}) 
2023-06-01 18:57:11,752 Element Clicked successfully   Located by By.chained({AppiumBy.id: com.androidsample.generalstore:id/btnLetsShop}) 
2023-06-01 18:57:14,016 Sent Value =    Mandy Singh     Locator =Located by By.chained({AppiumBy.id: com.androidsample.generalstore:id/nameField}) 
2023-06-01 18:57:14,597 Element Clicked successfully   Located by By.chained({AppiumBy.id: com.androidsample.generalstore:id/btnLetsShop}) 
2023-06-01 18:57:25,178 Element Clicked successfully   Located by By.chained({AppiumBy.id: com.androidsample.generalstore:id/appbar_btn_cart}) 
2023-06-01 18:57:26,688 Element Clicked successfully   Located by By.chained({By.xpath: //android.widget.CheckBox}) 
2023-06-01 18:57:27,440 Element Clicked successfully   Located by By.chained({AppiumBy.id: com.androidsample.generalstore:id/btnProceed}) 
